Версия MSBuild 17.14.40+3e7442088 для .NET Framework

  Checking File Globs
  AngelScriptCore.vcxproj -> C:\Users\vladr\lf-3\Build\Auto\Engine\ThirdParty\AngelScript\sdk\angelscript\projects\cmake\RelWithDebInfo\AngelScriptCore.lib
  AcmDecoder.vcxproj -> C:\Users\vladr\lf-3\Build\Auto\RelWithDebInfo\AcmDecoder.lib
  AngelScriptPreprocessor.vcxproj -> C:\Users\vladr\lf-3\Build\Auto\RelWithDebInfo\AngelScriptPreprocessor.lib
  MachineIndependent.vcxproj -> C:\Users\vladr\lf-3\Build\Auto\Engine\ThirdParty\glslang\glslang\RelWithDebInfo\MachineIndependent.lib
  OSDependent.vcxproj -> C:\Users\vladr\lf-3\Build\Auto\Engine\ThirdParty\glslang\glslang\OSDependent\Windows\RelWithDebInfo\OSDependent.lib
  Catch2.vcxproj -> C:\Users\vladr\lf-3\Build\Auto\RelWithDebInfo\Catch2.lib
  PugiXML.vcxproj -> C:\Users\vladr\lf-3\Build\Auto\Engine\ThirdParty\spark\projects\external\pugi\RelWithDebInfo\PugiXML.lib
  GenericCodeGen.vcxproj -> C:\Users\vladr\lf-3\Build\Auto\Engine\ThirdParty\glslang\glslang\RelWithDebInfo\GenericCodeGen.lib
  SPIRV.vcxproj -> C:\Users\vladr\lf-3\Build\Auto\Engine\ThirdParty\glslang\SPIRV\RelWithDebInfo\SPIRV.lib
  rpmalloc.vcxproj -> C:\Users\vladr\lf-3\Build\Auto\RelWithDebInfo\rpmalloc.lib
  Ogg.vcxproj -> C:\Users\vladr\lf-3\Build\Auto\RelWithDebInfo\Ogg.lib
  glslang-default-resource-limits.vcxproj -> C:\Users\vladr\lf-3\Build\Auto\Engine\ThirdParty\glslang\glslang\RelWithDebInfo\glslang-default-resource-limits.lib
  SHA.vcxproj -> C:\Users\vladr\lf-3\Build\Auto\RelWithDebInfo\SHA.lib
  TracyClient.vcxproj -> C:\Users\vladr\lf-3\Build\Auto\Engine\ThirdParty\tracy\RelWithDebInfo\TracyClient.lib
  imgui.vcxproj -> C:\Users\vladr\lf-3\Build\Auto\RelWithDebInfo\imgui.lib
  spirv-cross-core.vcxproj -> C:\Users\vladr\lf-3\Build\Auto\Engine\ThirdParty\SPIRV-Cross\RelWithDebInfo\spirv-cross-core.lib
  unqlite.vcxproj -> C:\Users\vladr\lf-3\Build\Auto\Engine\ThirdParty\unqlite\RelWithDebInfo\unqlite.lib
  ufbx.vcxproj -> C:\Users\vladr\lf-3\Build\Auto\RelWithDebInfo\ufbx.lib
  sentry.vcxproj -> C:\Users\vladr\lf-3\Build\Auto\SourceExt\sentry-native\RelWithDebInfo\sentry.lib
  glslang.vcxproj -> C:\Users\vladr\lf-3\Build\Auto\Engine\ThirdParty\glslang\glslang\RelWithDebInfo\glslang.lib
  SPARK_Core.vcxproj -> C:\Users\vladr\lf-3\Build\Auto\Engine\ThirdParty\spark\projects\engine\core\RelWithDebInfo\SPARK_Core.lib
  zlibcontrib.vcxproj -> C:\Users\vladr\lf-3\Build\Auto\RelWithDebInfo\zlibcontrib.lib
  zlibstatic.vcxproj -> C:\Users\vladr\lf-3\Build\Auto\Engine\ThirdParty\zlib\RelWithDebInfo\zs.lib
  bson_static.vcxproj -> C:\Users\vladr\lf-3\Build\Auto\Engine\ThirdParty\mongo-c-driver\src\libbson\RelWithDebInfo\bson2.lib
  Theora.vcxproj -> C:\Users\vladr\lf-3\Build\Auto\RelWithDebInfo\Theora.lib
  tls_compat_obj.vcxproj -> C:\Users\vladr\lf-3\Build\Auto\Engine\ThirdParty\LibreSSL\tls\tls_compat_obj.dir\RelWithDebInfo\tls_compat_obj.lib
  compat_obj.vcxproj -> C:\Users\vladr\lf-3\Build\Auto\Engine\ThirdParty\LibreSSL\crypto\compat_obj.dir\RelWithDebInfo\compat_obj.lib
  tls_obj.vcxproj -> C:\Users\vladr\lf-3\Build\Auto\Engine\ThirdParty\LibreSSL\tls\tls_obj.dir\RelWithDebInfo\tls_obj.lib
  png_static.vcxproj -> C:\Users\vladr\lf-3\Build\Auto\Engine\ThirdParty\libpng\RelWithDebInfo\libpng16_static.lib
  spirv-cross-glsl.vcxproj -> C:\Users\vladr\lf-3\Build\Auto\Engine\ThirdParty\SPIRV-Cross\RelWithDebInfo\spirv-cross-glsl.lib
  spine-cpp.vcxproj -> C:\Users\vladr\lf-3\Build\Auto\RelWithDebInfo\spine-cpp.lib
  utf8proc_obj.vcxproj -> C:\Users\vladr\lf-3\Build\Auto\Engine\ThirdParty\mongo-c-driver\src\libmongoc\utf8proc_obj.dir\RelWithDebInfo\utf8proc_obj.lib
  ssl_obj.vcxproj -> C:\Users\vladr\lf-3\Build\Auto\Engine\ThirdParty\LibreSSL\ssl\ssl_obj.dir\RelWithDebInfo\ssl_obj.lib
  spirv-cross-hlsl.vcxproj -> C:\Users\vladr\lf-3\Build\Auto\Engine\ThirdParty\SPIRV-Cross\RelWithDebInfo\spirv-cross-hlsl.lib
  spirv-cross-msl.vcxproj -> C:\Users\vladr\lf-3\Build\Auto\Engine\ThirdParty\SPIRV-Cross\RelWithDebInfo\spirv-cross-msl.lib
  mongoc_static.vcxproj -> C:\Users\vladr\lf-3\Build\Auto\Engine\ThirdParty\mongo-c-driver\src\libmongoc\RelWithDebInfo\mongoc2.lib
  crypto_obj.vcxproj -> C:\Users\vladr\lf-3\Build\Auto\Engine\ThirdParty\LibreSSL\crypto\crypto_obj.dir\RelWithDebInfo\crypto_obj.lib
  AppHeadless.vcxproj -> C:\Users\vladr\lf-3\Build\Auto\RelWithDebInfo\AppHeadless.lib
  Vorbis.vcxproj -> C:\Users\vladr\lf-3\Build\Auto\RelWithDebInfo\Vorbis.lib
  EssentialsLib.vcxproj -> C:\Users\vladr\lf-3\Build\Auto\RelWithDebInfo\EssentialsLib.lib
  crypto.vcxproj -> C:\Users\vladr\lf-3\Build\Auto\Engine\ThirdParty\LibreSSL\crypto\RelWithDebInfo\crypto.lib
  CommonLib.vcxproj -> C:\Users\vladr\lf-3\Build\Auto\RelWithDebInfo\CommonLib.lib
  ssl.vcxproj -> C:\Users\vladr\lf-3\Build\Auto\Engine\ThirdParty\LibreSSL\ssl\RelWithDebInfo\ssl.lib
  tls.vcxproj -> C:\Users\vladr\lf-3\Build\Auto\Engine\ThirdParty\LibreSSL\tls\RelWithDebInfo\tls.lib
  AngelScriptTypes.cpp
  libcurl_object.vcxproj -> C:\Users\vladr\lf-3\Build\Auto\SourceExt\curl\lib\libcurl_object.dir\RelWithDebInfo\libcurl_object.lib
  libcurl_static.vcxproj -> C:\Users\vladr\lf-3\Build\Auto\SourceExt\curl\lib\RelWithDebInfo\libcurl.lib
  AngelScriptScripting.vcxproj -> C:\Users\vladr\lf-3\Build\Auto\RelWithDebInfo\AngelScriptScripting.lib
  ParallelTesting.cpp
  ServerExtension.cpp
  ServerWebRequest.cpp
  SteamServerAuth.cpp
  ClientDataValidation.cpp
  Critter.cpp
  CritterManager.cpp
  BakerExtension.cpp
  DataBase.cpp
  ClientAiBridge.cpp
  DialogBaker.cpp
  AngelScriptBaker.cpp
  Baker.cpp
  ConfigBaker.cpp
  EffectBaker.cpp
  ImageBaker.cpp
  ClientExtension.cpp
  SecureStorage.cpp
  DataBase-Json.cpp
  DeepLink.cpp
  SpineAnimation.cpp
  SteamworksWrapper.cpp
  SteamClientExports.cpp
  3dAnimation.cpp
  3dStuff.cpp
  MapBaker.cpp
  Client.cpp
  MetadataBaker.cpp
  ClientConnection.cpp
  ModelInfoBaker.cpp
  DataBase-Memory.cpp
  ClientEntity.cpp
  ModelMeshBaker.cpp
  DataBase-Mongo.cpp
  ProtoBaker.cpp
  ProtoTextBaker.cpp
  RawCopyBaker.cpp
  TextBaker.cpp
  DataBase-UnQLite.cpp
  ClientRuntimeApi.cpp
  CritterHexView.cpp
  CritterView.cpp
  DefaultSprites.cpp
  EntityManager.cpp
  EntitySync.cpp
  MetadataRegistration-ServerStub.gen.cpp
  Item.cpp
  ItemManager.cpp
  EffectManager.cpp
  Location.cpp
  MetadataRegistration-ClientStub.gen.cpp
  MetadataRegistration-MapperStub.gen.cpp
  FogOfWar.cpp
  FontManager.cpp
  Map.cpp
  HexView.cpp
  ItemHexView.cpp
  ItemView.cpp
  MapManager.cpp
  LocationView.cpp
C:\Users\vladr\lf-3\Engine\Source\Server\CritterManager.cpp(123,5): error C3861: RevertEntityLock: идентификатор не найден [C:\Users\vladr\lf-3\Build\Auto\ServerLib.vcxproj]
  MapSprite.cpp
  NetworkServer.cpp
  NetworkServer-Asio.cpp
  NetworkServer-Interthread.cpp
  NetworkServer-UdpSockets.cpp
  MapView.cpp
  ModelSprites.cpp
  NetworkClient.cpp
  NetworkClient-Interthread.cpp
  NetworkServer-WebSockets.cpp
  NetworkClient-Sockets.cpp
  Player.cpp
  Server.cpp
  ServerConnection.cpp
  ServerEntity.cpp
C:\Users\vladr\lf-3\Engine\Source\Server\EntitySync.cpp(1575,32): error C2280: "fo::refcount_ptr<fo::ServerEntity> &fo::refcount_ptr<fo::ServerEntity>::operator =(std::nullptr_t) noexcept": предпринята попытка ссылки на удаленную функцию [C:\Users\vladr\lf-3\Build\Auto\ServerLib.vcxproj]
      C:\Users\vladr\lf-3\Engine\Source\Essentials\SmartPointers.h(881,26):
       см. объявление "fo::refcount_ptr<fo::ServerEntity>::operator ="
      C:\Users\vladr\lf-3\Engine\Source\Essentials\SmartPointers.h(881,26):
      "fo::refcount_ptr<fo::ServerEntity> &fo::refcount_ptr<fo::ServerEntity>::operator =(std::nullptr_t) noexcept": функция явно удалена.
  
C:\Users\vladr\lf-3\Engine\Source\Server\EntitySync.cpp(1579,32): error C2280: "fo::refcount_ptr<fo::ServerEntity> &fo::refcount_ptr<fo::ServerEntity>::operator =(std::nullptr_t) noexcept": предпринята попытка ссылки на удаленную функцию [C:\Users\vladr\lf-3\Build\Auto\ServerLib.vcxproj]
      C:\Users\vladr\lf-3\Engine\Source\Essentials\SmartPointers.h(881,26):
       см. объявление "fo::refcount_ptr<fo::ServerEntity>::operator ="
      C:\Users\vladr\lf-3\Engine\Source\Essentials\SmartPointers.h(881,26):
      "fo::refcount_ptr<fo::ServerEntity> &fo::refcount_ptr<fo::ServerEntity>::operator =(std::nullptr_t) noexcept": функция явно удалена.
  
  UpdaterBackend.cpp
  NetworkClient-UdpSockets.cpp
  ParticleSprites.cpp
  PlayerView.cpp
  WorkerPool.cpp
  ServerEntityScriptMethods.cpp
  RenderTarget.cpp
C:\Users\vladr\lf-3\Engine\Source\Server\Map.cpp(619,5): error C3861: RevertEntityLock: идентификатор не найден [C:\Users\vladr\lf-3\Build\Auto\ServerLib.vcxproj]
  ServerGlobalScriptMethods.cpp
  ServerPlayerScriptMethods.cpp
  ServerItemScriptMethods.cpp
  ResourceManager.cpp
  SoundManager.cpp
  SpriteManager.cpp
  ServerCritterScriptMethods.cpp
  ServerMapScriptMethods.cpp
  ServerLocationScriptMethods.cpp
  TextureAtlas.cpp
C:\Users\vladr\lf-3\Engine\Source\Scripting\ServerGlobalScriptMethods.cpp(656,20): error C2084: функция "void fo::Server_Game_DestroyCritters(fo::ptr<fo::ServerEngine>,const std::vector<fo::Critter *,fo::SafeAllocator<fo::Critter *>> &)" уже имеет текст реализации [C:\Users\vladr\lf-3\Build\Auto\ServerLib.vcxproj]
      C:\Users\vladr\lf-3\Engine\Source\Scripting\ServerGlobalScriptMethods.cpp(626,20):
      см. предыдущее определение "fo::Server_Game_DestroyCritters"
  
C:\Users\vladr\lf-3\Engine\Source\Scripting\ServerGlobalScriptMethods.cpp(670,20): error C2084: функция "void fo::Server_Game_DestroyCritters(fo::ptr<fo::ServerEngine>,const std::vector<fo::ident_t,fo::SafeAllocator<fo::ident_t>> &)" уже имеет текст реализации [C:\Users\vladr\lf-3\Build\Auto\ServerLib.vcxproj]
      C:\Users\vladr\lf-3\Engine\Source\Scripting\ServerGlobalScriptMethods.cpp(639,20):
      см. предыдущее определение "fo::Server_Game_DestroyCritters"
  
  MetadataRegistration-Server.gen.cpp
  Updater.cpp
  VideoClip.cpp
  VisualParticles.cpp
  SparkExtension.cpp
  ClientEntityScriptMethods.cpp
  ClientGlobalScriptMethods.cpp
  ClientImGuiScriptMethods.cpp
  ClientPlayerScriptMethods.cpp
  ClientItemScriptMethods.cpp
  ClientCritterScriptMethods.cpp
  ClientMapScriptMethods.cpp
  BakerLib.vcxproj -> C:\Users\vladr\lf-3\Build\Auto\RelWithDebInfo\BakerLib.lib
  ClientLocationScriptMethods.cpp
  MetadataRegistration-Client.gen.cpp
  Editor.cpp
  AssetExplorer.cpp
  ParticleEditor.cpp
  EditorLib.vcxproj -> C:\Users\vladr\lf-3\Build\Auto\RelWithDebInfo\EditorLib.lib
  ClientLib.vcxproj -> C:\Users\vladr\lf-3\Build\Auto\RelWithDebInfo\ClientLib.lib
  MapperAiBridge.cpp
  Mapper.cpp
  MapperGlobalScriptMethods.cpp
  MetadataRegistration-Mapper.gen.cpp
  MapperLib.vcxproj -> C:\Users\vladr\lf-3\Build\Auto\RelWithDebInfo\MapperLib.lib
